This is XeTeX, Version 3.14159265-2.6-0.999992 (MiKTeX 20.6.29) (preloaded format=xelatex 2020.10.9)  18 OCT 2020 00:07
entering extended mode
**./full-report.tex
(full-report.tex
LaTeX2e <2020-02-02> patch level 5
L3 programming layer <2020-06-18> (itkmitlcoop.cls
Document Class: itkmitlcoop 2018/11/09
(C:\Users\bmais\AppData\Local\Programs\MiKTeX\tex/latex/base\book.cls
Document Class: book 2019/12/20 v1.4l Standard LaTeX document class
(C:\Users\bmais\AppData\Local\Programs\MiKTeX\tex/latex/base\bk12.clo
File: bk12.clo 2019/12/20 v1.4l Standard LaTeX file (size option)
)
\c@part=\count163
\c@chapter=\count164
\c@section=\count165
\c@subsection=\count166
\c@subsubsection=\count167
\c@paragraph=\count168
\c@subparagraph=\count169
\c@figure=\count170
\c@table=\count171
\abovecaptionskip=\skip47
\belowcaptionskip=\skip48
\bibindent=\dimen134
)
(C:\Users\bmais\AppData\Local\Programs\MiKTeX\tex/latex/geometry\geometry.sty
Package: geometry 2020/01/02 v5.9 Page Geometry

(C:\Users\bmais\AppData\Local\Programs\MiKTeX\tex/latex/graphics\keyval.sty
Package: keyval 2014/10/28 v1.15 key=value parser (DPC)
\KV@toks@=\toks15
)
(C:\Users\bmais\AppData\Local\Programs\MiKTeX\tex/generic/iftex\ifvtex.sty
Package: ifvtex 2019/10/25 v1.7 ifvtex legacy package. Use iftex instead.

(C:\Users\bmais\AppData\Local\Programs\MiKTeX\tex/generic/iftex\iftex.sty
Package: iftex 2020/03/06 v1.0d TeX engine tests
))
\Gm@cnth=\count172
\Gm@cntv=\count173
\c@Gm@tempcnt=\count174
\Gm@bindingoffset=\dimen135
\Gm@wd@mp=\dimen136
\Gm@odd@mp=\dimen137
\Gm@even@mp=\dimen138
\Gm@layoutwidth=\dimen139
\Gm@layoutheight=\dimen140
\Gm@layouthoffset=\dimen141
\Gm@layoutvoffset=\dimen142
\Gm@dimlist=\toks16

(C:\Users\bmais\AppData\Local\Programs\MiKTeX\tex/xelatex/xetexconfig\geometry.
cfg))
(C:\Users\bmais\AppData\Local\Programs\MiKTeX\tex/latex/fontspec\fontspec.sty
(C:\Users\bmais\AppData\Local\Programs\MiKTeX\tex/latex/l3packages/xparse\xpars
e.sty
(C:\Users\bmais\AppData\Local\Programs\MiKTeX\tex/latex/l3kernel\expl3.sty
Package: expl3 2020-06-18 L3 programming layer (loader) 

(C:\Users\bmais\AppData\Local\Programs\MiKTeX\tex/latex/l3backend\l3backend-xdv
ipdfmx.def
File: l3backend-xdvipdfmx.def 2020-06-29 L3 backend support: xdvipdfmx
\g__graphics_track_int=\count175
\l__pdf_internal_box=\box45
\g__pdf_backend_object_int=\count176
\g__pdf_backend_annotation_int=\count177
))
Package: xparse 2020-05-15 L3 Experimental document command parser

(C:\Users\bmais\AppData\Local\Programs\MiKTeX\tex/latex/l3packages/xparse\xpars
e-generic.tex
\l__xparse_current_arg_int=\count178
\g__xparse_grabber_int=\count179
\l__xparse_m_args_int=\count180
\l__xparse_v_nesting_int=\count181
))
Package: fontspec 2020/02/21 v2.7i Font selection for XeLaTeX and LuaLaTeX

(C:\Users\bmais\AppData\Local\Programs\MiKTeX\tex/latex/fontspec\fontspec-xetex
.sty
Package: fontspec-xetex 2020/02/21 v2.7i Font selection for XeLaTeX and LuaLaTe
X
\l__fontspec_script_int=\count182
\l__fontspec_language_int=\count183
\l__fontspec_strnum_int=\count184
\l__fontspec_tmp_int=\count185
\l__fontspec_tmpa_int=\count186
\l__fontspec_tmpb_int=\count187
\l__fontspec_tmpc_int=\count188
\l__fontspec_em_int=\count189
\l__fontspec_emdef_int=\count190
\l__fontspec_strong_int=\count191
\l__fontspec_strongdef_int=\count192
\l__fontspec_tmpa_dim=\dimen143
\l__fontspec_tmpb_dim=\dimen144
\l__fontspec_tmpc_dim=\dimen145
 (C:\Users\bmais\AppData\Local\Programs\MiKTeX\tex/latex/base\fontenc.sty
Package: fontenc 2020/02/11 v2.0o Standard LaTeX package
)
(C:\Users\bmais\AppData\Local\Programs\MiKTeX\tex/latex/fontspec\fontspec.cfg))
)
(C:\Users\bmais\AppData\Local\Programs\MiKTeX\tex/xelatex/xunicode\xunicode.sty
File: xunicode.sty 2011/09/09 v0.981 provides access to latin accents and many 
other characters in Unicode lower plane
(C:\Users\bmais\AppData\Local\Programs\MiKTeX\tex/latex/tipa\t3enc.def
File: t3enc.def 2001/12/31 T3 encoding
)
\tipaTiiicode=\count193
\tipasavetokens=\toks17
\tipachecktokens=\toks18

(C:\Users\bmais\AppData\Local\Programs\MiKTeX\tex/latex/graphics\graphicx.sty
Package: graphicx 2019/11/30 v1.2a Enhanced LaTeX Graphics (DPC,SPQR)

(C:\Users\bmais\AppData\Local\Programs\MiKTeX\tex/latex/graphics\graphics.sty
Package: graphics 2019/11/30 v1.4a Standard LaTeX Graphics (DPC,SPQR)

(C:\Users\bmais\AppData\Local\Programs\MiKTeX\tex/latex/graphics\trig.sty
Package: trig 2016/01/03 v1.10 sin cos tan (DPC)
)
(C:\Users\bmais\AppData\Local\Programs\MiKTeX\tex/latex/graphics-cfg\graphics.c
fg
File: graphics.cfg 2016/06/04 v1.11 sample graphics configuration
)
Package graphics Info: Driver file: xetex.def on input line 105.

(C:\Users\bmais\AppData\Local\Programs\MiKTeX\tex/latex/graphics-def\xetex.def
File: xetex.def 2017/06/24 v5.0h Graphics/color driver for xetex
))
\Gin@req@height=\dimen146
\Gin@req@width=\dimen147
)) (C:\Users\bmais\AppData\Local\Programs\MiKTeX\tex/latex/xltxtra\xltxtra.sty
Package: xltxtra 2018/12/31 v0.7 Improvements for the "XeLaTeX" format
(C:\Users\bmais\AppData\Local\Programs\MiKTeX\tex/generic/iftex\ifluatex.sty
Package: ifluatex 2019/10/25 v1.5 ifluatex legacy package. Use iftex instead.
)
(C:\Users\bmais\AppData\Local\Programs\MiKTeX\tex/generic/iftex\ifxetex.sty
Package: ifxetex 2019/10/25 v0.7 ifxetex legacy package. Use iftex instead.
)
(C:\Users\bmais\AppData\Local\Programs\MiKTeX\tex/latex/realscripts\realscripts
.sty
Package: realscripts 2016/02/13 v0.3d Access OpenType subscripts and superscrip
ts
\subsupersep=\dimen148
)
(C:\Users\bmais\AppData\Local\Programs\MiKTeX\tex/latex/metalogo\metalogo.sty
Package: metalogo 2010/05/29 v0.12 Extended TeX logo macros
\xl@everylogo=\toks19
\xl@@everylogo=\toks20
LaTeX Info: Redefining \TeX on input line 193.
LaTeX Info: Redefining \LaTeX on input line 202.
LaTeX Info: Redefining \LaTeXe on input line 219.
)
\l__xetex_show_hyphens_wrapping_box=\box46
\l__xetex_show_hyphens_temp_box=\box47
\l__xetex_show_hyphens_final_box=\box48
\g__xetex_show_hyphens_word_box=\box49
) (C:\Users\bmais\AppData\Local\Programs\MiKTeX\tex/latex/titlesec\titlesec.sty
Package: titlesec 2019/10/16 v2.13 Sectioning titles
\ttl@box=\box50
\beforetitleunit=\skip49
\aftertitleunit=\skip50
\ttl@plus=\dimen149
\ttl@minus=\dimen150
\ttl@toksa=\toks21
\titlewidth=\dimen151
\titlewidthlast=\dimen152
\titlewidthfirst=\dimen153
) (C:\Users\bmais\AppData\Local\Programs\MiKTeX\tex/latex/amsfonts\eucal.sty
Package: eucal 2009/06/22 v3.00 Euler Script fonts
LaTeX Font Info:    Overwriting math alphabet `\EuScript' in version `bold'
(Font)                  U/eus/m/n --> U/eus/b/n on input line 33.
)
(C:\Users\bmais\AppData\Local\Programs\MiKTeX\tex/latex/amsfonts\eufrak.sty
Package: eufrak 2009/06/22 v3.00 Euler Fraktur fonts
LaTeX Font Info:    Overwriting math alphabet `\EuFrak' in version `bold'
(Font)                  U/euf/m/n --> U/euf/b/n on input line 39.
)
(C:\Users\bmais\AppData\Local\Programs\MiKTeX\tex/latex/fancyhdr\fancyhdr.sty
Package: fancyhdr 2019/01/31 v3.10 Extensive control of page headers and footer
s
\f@nch@headwidth=\skip51
\f@nch@O@elh=\skip52
\f@nch@O@erh=\skip53
\f@nch@O@olh=\skip54
\f@nch@O@orh=\skip55
\f@nch@O@elf=\skip56
\f@nch@O@erf=\skip57
\f@nch@O@olf=\skip58
\f@nch@O@orf=\skip59
)
(C:\Users\bmais\AppData\Local\Programs\MiKTeX\tex/latex/tools\tabularx.sty
Package: tabularx 2020/01/15 v2.11c `tabularx' package (DPC)

(C:\Users\bmais\AppData\Local\Programs\MiKTeX\tex/latex/tools\array.sty
Package: array 2019/08/31 v2.4l Tabular extension package (FMi)
\col@sep=\dimen154
\ar@mcellbox=\box51
\extrarowheight=\dimen155
\NC@list=\toks22
\extratabsurround=\skip60
\backup@length=\skip61
\ar@cellbox=\box52
)
\TX@col@width=\dimen156
\TX@old@table=\dimen157
\TX@old@col=\dimen158
\TX@target=\dimen159
\TX@delta=\dimen160
\TX@cols=\count194
\TX@ftn=\toks23
)
(C:\Users\bmais\AppData\Local\Programs\MiKTeX\tex/latex/titlesec\titletoc.sty
Package: titletoc 2019/10/16 v2.13 TOC entries
\ttl@leftsep=\dimen161
)
(C:\Users\bmais\AppData\Local\Programs\MiKTeX\tex/latex/base\ifthen.sty
Package: ifthen 2014/09/29 v1.1c Standard LaTeX ifthen package (DPC)
)
(C:\Users\bmais\AppData\Local\Programs\MiKTeX\tex/latex/lineno\lineno.sty
Package: lineno 2005/11/02 line numbers on paragraphs v4.41
Invalid UTF-8 byte or sequence at line 296 replaced by U+FFFD.
\linenopenalty=\count195
\output=\toks24
\linenoprevgraf=\count196
\linenumbersep=\dimen162
\linenumberwidth=\dimen163
\c@linenumber=\count197
\c@pagewiselinenumber=\count198
\c@LN@truepage=\count199
\c@internallinenumber=\count266
\c@internallinenumbers=\count267
\quotelinenumbersep=\dimen164
\bframerule=\dimen165
\bframesep=\dimen166
\bframebox=\box53
LaTeX Info: Redefining \\ on input line 3056.
)
(C:\Users\bmais\AppData\Local\Programs\MiKTeX\tex/latex/tools\afterpage.sty
Package: afterpage 2014/10/28 v1.08 After-Page Package (DPC)
\AP@output=\toks25
\AP@partial=\box54
\AP@footins=\box55
)
(C:\Users\bmais\AppData\Local\Programs\MiKTeX\tex/latex/subfigure\subfigure.sty
Package: subfigure 2002/07/30 v2.1.4 subfigure package
\subfigtopskip=\skip62
\subfigcapskip=\skip63
\subfigcaptopadj=\dimen167
\subfigbottomskip=\skip64
\subfigcapmargin=\dimen168
\subfiglabelskip=\skip65
\c@subfigure=\count268
\c@lofdepth=\count269
\c@subtable=\count270
\c@lotdepth=\count271
****************************************
* Local config file subfigure.cfg used *
****************************************

(C:\Users\bmais\AppData\Local\Programs\MiKTeX\tex/latex/subfigure\subfigure.cfg
)
\subfig@top=\skip66
\subfig@bottom=\skip67
)
(C:\Users\bmais\AppData\Local\Programs\MiKTeX\tex/latex/etoolbox\etoolbox.sty
Package: etoolbox 2019/09/21 v2.5h e-TeX tools for LaTeX (JAW)
\etb@tempcnta=\count272
)

Package fontspec Warning: Font "Angsana" does not contain requested Script
(fontspec)                "Thai".


Package fontspec Info: Font family 'Angsana(0)' created for font 'Angsana'
(fontspec)             with options [Ligatures=TeX,Scale=1.3,Path =
(fontspec)             fonts/,UprightFont = Angsana,ItalicFont =
(fontspec)             *-Italic,BoldFont = *-Bold,BoldItalicFont =
(fontspec)             *-BoldItalic,Extension = .ttf,Script=Thai].
(fontspec)              
(fontspec)              This font family consists of the following NFSS
(fontspec)             series/shapes:
(fontspec)              
(fontspec)             - 'normal' (m/n) with NFSS spec.:
(fontspec)             <->s*[1.3]"[fonts/Angsana.ttf]/OT:script=latn;language=d
flt;mapping=tex-text;"
(fontspec)             - 'small caps'  (m/sc) with NFSS spec.: 
(fontspec)             - 'bold' (b/n) with NFSS spec.:
(fontspec)             <->s*[1.3]"[fonts/Angsana-Bold.ttf]/OT:script=latn;langu
age=dflt;mapping=tex-text;"
(fontspec)             - 'bold small caps'  (b/sc) with NFSS spec.: 
(fontspec)             - 'italic' (m/it) with NFSS spec.:
(fontspec)             <->s*[1.3]"[fonts/Angsana-Italic.ttf]/OT:script=latn;lan
guage=dflt;mapping=tex-text;"
(fontspec)             - 'italic small caps'  (m/scit) with NFSS spec.: 
(fontspec)             - 'bold italic' (b/it) with NFSS spec.:
(fontspec)             <->s*[1.3]"[fonts/Angsana-BoldItalic.ttf]/OT:script=latn
;language=dflt;mapping=tex-text;"
(fontspec)             - 'bold italic small caps'  (b/scit) with NFSS spec.: 

LaTeX Font Info:    Font shape `TU/Angsana(0)/m/n' will be
(Font)              scaled to size 15.60004pt on input line 39.
) (C:\Users\bmais\AppData\Local\Programs\MiKTeX\tex/latex/amsmath\amsmath.sty
Package: amsmath 2020/01/20 v2.17e AMS math features
\@mathmargin=\skip68

For additional information on amsmath, use the `?' option.
(C:\Users\bmais\AppData\Local\Programs\MiKTeX\tex/latex/amsmath\amstext.sty
Package: amstext 2000/06/29 v2.01 AMS text

(C:\Users\bmais\AppData\Local\Programs\MiKTeX\tex/latex/amsmath\amsgen.sty
File: amsgen.sty 1999/11/30 v2.0 generic functions
\@emptytoks=\toks26
\ex@=\dimen169
))
(C:\Users\bmais\AppData\Local\Programs\MiKTeX\tex/latex/amsmath\amsbsy.sty
Package: amsbsy 1999/11/29 v1.2d Bold Symbols
\pmbraise@=\dimen170
)
(C:\Users\bmais\AppData\Local\Programs\MiKTeX\tex/latex/amsmath\amsopn.sty
Package: amsopn 2016/03/08 v2.02 operator names
)
\inf@bad=\count273
LaTeX Info: Redefining \frac on input line 227.
\uproot@=\count274
\leftroot@=\count275
LaTeX Info: Redefining \overline on input line 389.
\classnum@=\count276
\DOTSCASE@=\count277
LaTeX Info: Redefining \ldots on input line 486.
LaTeX Info: Redefining \dots on input line 489.
LaTeX Info: Redefining \cdots on input line 610.
\Mathstrutbox@=\box56
\strutbox@=\box57
\big@size=\dimen171
LaTeX Font Info:    Redeclaring font encoding OML on input line 733.
LaTeX Font Info:    Redeclaring font encoding OMS on input line 734.
\macc@depth=\count278
\c@MaxMatrixCols=\count279
\dotsspace@=\muskip16
\c@parentequation=\count280
\dspbrk@lvl=\count281
\tag@help=\toks27
\row@=\count282
\column@=\count283
\maxfields@=\count284
\andhelp@=\toks28
\eqnshift@=\dimen172
\alignsep@=\dimen173
\tagshift@=\dimen174
\tagwidth@=\dimen175
\totwidth@=\dimen176
\lineht@=\dimen177
\@envbody=\toks29
\multlinegap=\skip69
\multlinetaggap=\skip70
\mathdisplay@stack=\toks30
LaTeX Info: Redefining \[ on input line 2859.
LaTeX Info: Redefining \] on input line 2860.
)
(C:\Users\bmais\AppData\Local\Programs\MiKTeX\tex/latex/base\latexsym.sty
Package: latexsym 1998/08/17 v2.2e Standard LaTeX package (lasy symbols)
\symlasy=\mathgroup4
LaTeX Font Info:    Overwriting symbol font `lasy' in version `bold'
(Font)                  U/lasy/m/n --> U/lasy/b/n on input line 52.
)
(C:\Users\bmais\AppData\Local\Programs\MiKTeX\tex/latex/amsfonts\amssymb.sty
Package: amssymb 2013/01/14 v3.01 AMS font symbols

(C:\Users\bmais\AppData\Local\Programs\MiKTeX\tex/latex/amsfonts\amsfonts.sty
Package: amsfonts 2013/01/14 v3.01 Basic AMSFonts support
\symAMSa=\mathgroup5
\symAMSb=\mathgroup6
LaTeX Font Info:    Redeclaring math symbol \hbar on input line 98.
)) (C:\Users\bmais\AppData\Local\Programs\MiKTeX\tex/latex/amscls\amsthm.sty
Package: amsthm 2020/05/29 v2.20.6
\thm@style=\toks31
\thm@bodyfont=\toks32
\thm@headfont=\toks33
\thm@notefont=\toks34
\thm@headpunct=\toks35
\thm@preskip=\skip71
\thm@postskip=\skip72
\thm@headsep=\skip73
\dth@everypar=\toks36
)
(C:\Users\bmais\AppData\Local\Programs\MiKTeX\tex/latex/tools\indentfirst.sty
Package: indentfirst 1995/11/23 v1.03 Indent first paragraph (DPC)
)
(C:\Users\bmais\AppData\Local\Programs\MiKTeX\tex/latex/cite\cite.sty
LaTeX Info: Redefining \cite on input line 302.
LaTeX Info: Redefining \nocite on input line 332.
Package: cite 2015/02/27  v 5.5
)
(C:\Users\bmais\AppData\Local\Programs\MiKTeX\tex/latex/tabto-ltx\tabto.sty
Package: tabto 2018/12/28  v 1.4  Another tabbing mechanism
\CurrentLineWidth=\dimen178
\TabPrevPos=\dimen179
)
(C:\Users\bmais\AppData\Local\Programs\MiKTeX\tex/latex/ltablex\ltablex.sty
Package: ltablex 2014/08/13 v1.1 Modified tabularx

(C:\Users\bmais\AppData\Local\Programs\MiKTeX\tex/latex/tools\longtable.sty
Package: longtable 2020/01/07 v4.13 Multi-page Table package (DPC)
\LTleft=\skip74
\LTright=\skip75
\LTpre=\skip76
\LTpost=\skip77
\LTchunksize=\count285
\LTcapwidth=\dimen180
\LT@head=\box58
\LT@firsthead=\box59
\LT@foot=\box60
\LT@lastfoot=\box61
\LT@cols=\count286
\LT@rows=\count287
\c@LT@tables=\count288
\c@LT@chunks=\count289
\LT@p@ftn=\toks37
))
(C:\Users\bmais\AppData\Local\Programs\MiKTeX\tex/latex/caption\caption.sty
Package: caption 2020/09/12 v3.5b Customizing captions (AR)

(C:\Users\bmais\AppData\Local\Programs\MiKTeX\tex/latex/caption\caption3.sty
Package: caption3 2020/09/17 v2.1b caption3 kernel (AR)
\captionmargin=\dimen181
\captionmargin@=\dimen182
\captionwidth=\dimen183
\caption@tempdima=\dimen184
\caption@indent=\dimen185
\caption@parindent=\dimen186
\caption@hangindent=\dimen187
Package caption Info: Standard document class detected.
)
\c@caption@flags=\count290
\c@continuedfloat=\count291
Package caption Info: longtable package is loaded.

(C:\Users\bmais\AppData\Local\Programs\MiKTeX\tex/latex/caption\ltcaption.sty
Package: ltcaption 2020/05/30 v1.4b longtable captions (AR)
)
Package caption Info: subfigure package is loaded.
) (C:\Users\bmais\AppData\Local\Programs\MiKTeX\tex/latex/float\float.sty
Package: float 2001/11/08 v1.3d Float enhancements (AL)
\c@float@type=\count292
\float@exts=\toks38
\float@box=\box62
\@float@everytoks=\toks39
\@floatcapt=\box63
)
\@indexfile=\write3
\openout3 = `full-report.idx'.


Writing index file full-report.idx
(full-report.aux (chapter1.aux) (chapter2.aux) (chapter3.aux) (chapter4.aux

LaTeX Warning: Label `Fig:hog:letter' multiply defined.


LaTeX Warning: Label `sub@Fig:hog:letter' multiply defined.


LaTeX Warning: Label `Fig:hog:hog' multiply defined.


LaTeX Warning: Label `sub@Fig:hog:hog' multiply defined.


LaTeX Warning: Label `Fig:hog:letter' multiply defined.


LaTeX Warning: Label `sub@Fig:hog:letter' multiply defined.


LaTeX Warning: Label `Fig:hog:hog' multiply defined.


LaTeX Warning: Label `sub@Fig:hog:hog' multiply defined.


LaTeX Warning: Label `Fig:hog:hog' multiply defined.


LaTeX Warning: Label `sub@Fig:hog:hog' multiply defined.


LaTeX Warning: Label `Fig:hog:hog' multiply defined.


LaTeX Warning: Label `sub@Fig:hog:hog' multiply defined.


LaTeX Warning: Label `Fig:hog:hog' multiply defined.


LaTeX Warning: Label `sub@Fig:hog:hog' multiply defined.


LaTeX Warning: Label `Fig:hog:letter' multiply defined.


LaTeX Warning: Label `sub@Fig:hog:letter' multiply defined.


LaTeX Warning: Label `Fig:hog:hog' multiply defined.


LaTeX Warning: Label `sub@Fig:hog:hog' multiply defined.


LaTeX Warning: Label `Fig:hog:hog' multiply defined.


LaTeX Warning: Label `sub@Fig:hog:hog' multiply defined.


LaTeX Warning: Label `Fig:hog:hog' multiply defined.


LaTeX Warning: Label `sub@Fig:hog:hog' multiply defined.


LaTeX Warning: Label `Fig:hog:hog' multiply defined.


LaTeX Warning: Label `sub@Fig:hog:hog' multiply defined.


LaTeX Warning: Label `Fig:hog:letter' multiply defined.


LaTeX Warning: Label `sub@Fig:hog:letter' multiply defined.


LaTeX Warning: Label `Fig:hog:hog' multiply defined.


LaTeX Warning: Label `sub@Fig:hog:hog' multiply defined.


LaTeX Warning: Label `Fig:hog:hog' multiply defined.


LaTeX Warning: Label `sub@Fig:hog:hog' multiply defined.


LaTeX Warning: Label `Fig:hog:hog' multiply defined.


LaTeX Warning: Label `sub@Fig:hog:hog' multiply defined.


LaTeX Warning: Label `Fig:hog:hog' multiply defined.


LaTeX Warning: Label `sub@Fig:hog:hog' multiply defined.


LaTeX Warning: Label `Fig:hog:letter' multiply defined.


LaTeX Warning: Label `sub@Fig:hog:letter' multiply defined.


LaTeX Warning: Label `Fig:hog:hog' multiply defined.


LaTeX Warning: Label `sub@Fig:hog:hog' multiply defined.


LaTeX Warning: Label `Fig:hog:hog' multiply defined.


LaTeX Warning: Label `sub@Fig:hog:hog' multiply defined.


LaTeX Warning: Label `Fig:hog:hog' multiply defined.


LaTeX Warning: Label `sub@Fig:hog:hog' multiply defined.


LaTeX Warning: Label `Fig:hog:hog' multiply defined.


LaTeX Warning: Label `sub@Fig:hog:hog' multiply defined.


LaTeX Warning: Label `Fig:hog:letter' multiply defined.


LaTeX Warning: Label `sub@Fig:hog:letter' multiply defined.


LaTeX Warning: Label `Fig:hog:hog' multiply defined.


LaTeX Warning: Label `sub@Fig:hog:hog' multiply defined.


LaTeX Warning: Label `Fig:hog:hog' multiply defined.


LaTeX Warning: Label `sub@Fig:hog:hog' multiply defined.


LaTeX Warning: Label `Fig:hog:hog' multiply defined.


LaTeX Warning: Label `sub@Fig:hog:hog' multiply defined.


LaTeX Warning: Label `Fig:hog:hog' multiply defined.


LaTeX Warning: Label `sub@Fig:hog:hog' multiply defined.


LaTeX Warning: Label `Fig:hog:letter' multiply defined.


LaTeX Warning: Label `sub@Fig:hog:letter' multiply defined.


LaTeX Warning: Label `Fig:hog:hog' multiply defined.


LaTeX Warning: Label `sub@Fig:hog:hog' multiply defined.


LaTeX Warning: Label `Fig:hog:hog' multiply defined.


LaTeX Warning: Label `sub@Fig:hog:hog' multiply defined.


LaTeX Warning: Label `Fig:hog:letter' multiply defined.


LaTeX Warning: Label `sub@Fig:hog:letter' multiply defined.


LaTeX Warning: Label `Fig:hog:hog' multiply defined.


LaTeX Warning: Label `sub@Fig:hog:hog' multiply defined.


LaTeX Warning: Label `Fig:hog:hog' multiply defined.


LaTeX Warning: Label `sub@Fig:hog:hog' multiply defined.


LaTeX Warning: Label `Fig:hog:letter' multiply defined.


LaTeX Warning: Label `sub@Fig:hog:letter' multiply defined.


LaTeX Warning: Label `Fig:hog:hog' multiply defined.


LaTeX Warning: Label `sub@Fig:hog:hog' multiply defined.


LaTeX Warning: Label `Fig:hog:hog' multiply defined.


LaTeX Warning: Label `sub@Fig:hog:hog' multiply defined.


LaTeX Warning: Label `cimb-bond-benefit' multiply defined.


LaTeX Warning: Label `Fig:hog:letter' multiply defined.


LaTeX Warning: Label `sub@Fig:hog:letter' multiply defined.


LaTeX Warning: Label `Fig:hog:hog' multiply defined.


LaTeX Warning: Label `sub@Fig:hog:hog' multiply defined.


LaTeX Warning: Label `Fig:hog:hog' multiply defined.


LaTeX Warning: Label `sub@Fig:hog:hog' multiply defined.


LaTeX Warning: Label `Fig:hog:hog' multiply defined.


LaTeX Warning: Label `sub@Fig:hog:hog' multiply defined.


LaTeX Warning: Label `Fig:hog:hog' multiply defined.


LaTeX Warning: Label `sub@Fig:hog:hog' multiply defined.


LaTeX Warning: Label `Fig:hog:letter' multiply defined.


LaTeX Warning: Label `sub@Fig:hog:letter' multiply defined.


LaTeX Warning: Label `Fig:hog:hog' multiply defined.


LaTeX Warning: Label `sub@Fig:hog:hog' multiply defined.


LaTeX Warning: Label `Fig:hog:hog' multiply defined.


LaTeX Warning: Label `sub@Fig:hog:hog' multiply defined.


LaTeX Warning: Label `Fig:hog:hog' multiply defined.


LaTeX Warning: Label `sub@Fig:hog:hog' multiply defined.


LaTeX Warning: Label `Fig:hog:hog' multiply defined.


LaTeX Warning: Label `sub@Fig:hog:hog' multiply defined.


LaTeX Warning: Label `Fig:hog:letter' multiply defined.


LaTeX Warning: Label `sub@Fig:hog:letter' multiply defined.


LaTeX Warning: Label `Fig:hog:hog' multiply defined.


LaTeX Warning: Label `sub@Fig:hog:hog' multiply defined.


LaTeX Warning: Label `Fig:hog:hog' multiply defined.


LaTeX Warning: Label `sub@Fig:hog:hog' multiply defined.


LaTeX Warning: Label `Fig:hog:hog' multiply defined.


LaTeX Warning: Label `sub@Fig:hog:hog' multiply defined.


LaTeX Warning: Label `Fig:hog:hog' multiply defined.


LaTeX Warning: Label `sub@Fig:hog:hog' multiply defined.


LaTeX Warning: Label `Fig:hog:letter' multiply defined.


LaTeX Warning: Label `sub@Fig:hog:letter' multiply defined.


LaTeX Warning: Label `Fig:hog:hog' multiply defined.


LaTeX Warning: Label `sub@Fig:hog:hog' multiply defined.


LaTeX Warning: Label `Fig:hog:hog' multiply defined.


LaTeX Warning: Label `sub@Fig:hog:hog' multiply defined.


LaTeX Warning: Label `Fig:hog:hog' multiply defined.


LaTeX Warning: Label `sub@Fig:hog:hog' multiply defined.


LaTeX Warning: Label `Fig:hog:hog' multiply defined.


LaTeX Warning: Label `sub@Fig:hog:hog' multiply defined.


LaTeX Warning: Label `Fig:hog:hog' multiply defined.


LaTeX Warning: Label `sub@Fig:hog:hog' multiply defined.


LaTeX Warning: Label `Fig:hog:hog' multiply defined.


LaTeX Warning: Label `sub@Fig:hog:hog' multiply defined.


LaTeX Warning: Label `Fig:hog:hog' multiply defined.


LaTeX Warning: Label `sub@Fig:hog:hog' multiply defined.

) (chapter5.aux) (appendix.aux))
\openout1 = `full-report.aux'.

LaTeX Font Info:    Checking defaults for OML/cmm/m/it on input line 70.
LaTeX Font Info:    ... okay on input line 70.
LaTeX Font Info:    Checking defaults for OMS/cmsy/m/n on input line 70.
LaTeX Font Info:    ... okay on input line 70.
LaTeX Font Info:    Checking defaults for OT1/cmr/m/n on input line 70.
LaTeX Font Info:    ... okay on input line 70.
LaTeX Font Info:    Checking defaults for T1/cmr/m/n on input line 70.
LaTeX Font Info:    ... okay on input line 70.
LaTeX Font Info:    Checking defaults for TS1/cmr/m/n on input line 70.
LaTeX Font Info:    Trying to load font information for TS1+cmr on input line 7
0.

(C:\Users\bmais\AppData\Local\Programs\MiKTeX\tex/latex/base\ts1cmr.fd
File: ts1cmr.fd 2019/12/16 v2.5j Standard LaTeX font definitions
)
LaTeX Font Info:    ... okay on input line 70.
LaTeX Font Info:    Checking defaults for TU/lmr/m/n on input line 70.
LaTeX Font Info:    ... okay on input line 70.
LaTeX Font Info:    Checking defaults for OMX/cmex/m/n on input line 70.
LaTeX Font Info:    ... okay on input line 70.
LaTeX Font Info:    Checking defaults for U/cmr/m/n on input line 70.
LaTeX Font Info:    ... okay on input line 70.
LaTeX Font Info:    Checking defaults for T3/cmr/m/n on input line 70.
LaTeX Font Info:    Trying to load font information for T3+cmr on input line 70
.

(C:\Users\bmais\AppData\Local\Programs\MiKTeX\tex/latex/tipa\t3cmr.fd
File: t3cmr.fd 2001/12/31 TIPA font definitions
)
LaTeX Font Info:    ... okay on input line 70.

*geometry* detected driver: pdftex
*geometry* verbose mode - [ preamble ] result:
* driver: pdftex
* paper: <default>
* layout: <same size as paper>
* layoutoffset:(h,v)=(0.0pt,0.0pt)
* modes: 
* h-part:(L,W,R)=(108.405pt, 416.83289pt, 72.26999pt)
* v-part:(T,H,B)=(72.26999pt, 700.50687pt, 72.26999pt)
* \paperwidth=597.50787pt
* \paperheight=845.04684pt
* \textwidth=416.83289pt
* \textheight=700.50687pt
* \oddsidemargin=36.13501pt
* \evensidemargin=36.13501pt
* \topmargin=-31.8738pt
* \headheight=12.0pt
* \headsep=19.8738pt
* \topskip=12.0pt
* \footskip=30.0pt
* \marginparwidth=38.0pt
* \marginparsep=7.0pt
* \columnsep=10.0pt
* \skip\footins=10.8pt plus 4.0pt minus 2.0pt
* \hoffset=0.0pt
* \voffset=0.0pt
* \mag=1000
* \@twocolumnfalse
* \@twosidefalse
* \@mparswitchfalse
* \@reversemarginfalse
* (1in=72.27pt=25.4mm, 1cm=28.453pt)


Package fontspec Info: Adjusting the maths setup (use [no-math] to avoid
(fontspec)             this).

\symlegacymaths=\mathgroup7
LaTeX Font Info:    Overwriting symbol font `legacymaths' in version `bold'
(Font)                  OT1/cmr/m/n --> OT1/cmr/bx/n on input line 70.
LaTeX Font Info:    Redeclaring math accent \acute on input line 70.
LaTeX Font Info:    Redeclaring math accent \grave on input line 70.
LaTeX Font Info:    Redeclaring math accent \ddot on input line 70.
LaTeX Font Info:    Redeclaring math accent \tilde on input line 70.
LaTeX Font Info:    Redeclaring math accent \bar on input line 70.
LaTeX Font Info:    Redeclaring math accent \breve on input line 70.
LaTeX Font Info:    Redeclaring math accent \check on input line 70.
LaTeX Font Info:    Redeclaring math accent \hat on input line 70.
LaTeX Font Info:    Redeclaring math accent \dot on input line 70.
LaTeX Font Info:    Redeclaring math accent \mathring on input line 70.
LaTeX Font Info:    Redeclaring math symbol \Gamma on input line 70.
LaTeX Font Info:    Redeclaring math symbol \Delta on input line 70.
LaTeX Font Info:    Redeclaring math symbol \Theta on input line 70.
LaTeX Font Info:    Redeclaring math symbol \Lambda on input line 70.
LaTeX Font Info:    Redeclaring math symbol \Xi on input line 70.
LaTeX Font Info:    Redeclaring math symbol \Pi on input line 70.
LaTeX Font Info:    Redeclaring math symbol \Sigma on input line 70.
LaTeX Font Info:    Redeclaring math symbol \Upsilon on input line 70.
LaTeX Font Info:    Redeclaring math symbol \Phi on input line 70.
LaTeX Font Info:    Redeclaring math symbol \Psi on input line 70.
LaTeX Font Info:    Redeclaring math symbol \Omega on input line 70.
LaTeX Font Info:    Redeclaring math symbol \mathdollar on input line 70.
LaTeX Font Info:    Redeclaring symbol font `operators' on input line 70.
LaTeX Font Info:    Encoding `OT1' has changed to `TU' for symbol font
(Font)              `operators' in the math version `normal' on input line 70.
LaTeX Font Info:    Overwriting symbol font `operators' in version `normal'
(Font)                  OT1/cmr/m/n --> TU/Angsana(0)/m/n on input line 70.
LaTeX Font Info:    Encoding `OT1' has changed to `TU' for symbol font
(Font)              `operators' in the math version `bold' on input line 70.
LaTeX Font Info:    Overwriting symbol font `operators' in version `bold'
(Font)                  OT1/cmr/bx/n --> TU/Angsana(0)/m/n on input line 70.
LaTeX Font Info:    Overwriting symbol font `operators' in version `normal'
(Font)                  TU/Angsana(0)/m/n --> TU/Angsana(0)/m/n on input line 7
0.
LaTeX Font Info:    Overwriting math alphabet `\mathit' in version `normal'
(Font)                  OT1/cmr/m/it --> TU/Angsana(0)/m/it on input line 70.
LaTeX Font Info:    Overwriting math alphabet `\mathbf' in version `normal'
(Font)                  OT1/cmr/bx/n --> TU/Angsana(0)/b/n on input line 70.
LaTeX Font Info:    Overwriting math alphabet `\mathsf' in version `normal'
(Font)                  OT1/cmss/m/n --> TU/lmss/m/n on input line 70.
LaTeX Font Info:    Overwriting math alphabet `\mathtt' in version `normal'
(Font)                  OT1/cmtt/m/n --> TU/lmtt/m/n on input line 70.
LaTeX Font Info:    Overwriting symbol font `operators' in version `bold'
(Font)                  TU/Angsana(0)/m/n --> TU/Angsana(0)/b/n on input line 7
0.
LaTeX Font Info:    Overwriting math alphabet `\mathit' in version `bold'
(Font)                  OT1/cmr/bx/it --> TU/Angsana(0)/b/it on input line 70.
LaTeX Font Info:    Overwriting math alphabet `\mathsf' in version `bold'
(Font)                  OT1/cmss/bx/n --> TU/lmss/b/n on input line 70.
LaTeX Font Info:    Overwriting math alphabet `\mathtt' in version `bold'
(Font)                  OT1/cmtt/m/n --> TU/lmtt/b/n on input line 70.
Package caption Info: Begin \AtBeginDocument code.
Package caption Info: float package is loaded.
Package caption Info: End \AtBeginDocument code.
LaTeX Font Info:    Font shape `TU/Angsana(0)/m/n' will be
(Font)              scaled to size 22.46405pt on input line 74.
LaTeX Font Info:    Font shape `TU/Angsana(0)/b/n' will be
(Font)              scaled to size 22.46405pt on input line 74.
LaTeX Font Info:    Font shape `TU/Angsana(0)/m/n' will be
(Font)              scaled to size 18.72003pt on input line 74.
LaTeX Font Info:    Font shape `TU/Angsana(0)/b/n' will be
(Font)              scaled to size 18.72003pt on input line 74.
[1


] [2]
LaTeX Font Info:    Font shape `TU/Angsana(0)/m/n' will be
(Font)              scaled to size 26.96207pt on input line 76.
LaTeX Font Info:    Font shape `TU/Angsana(0)/b/n' will be
(Font)              scaled to size 26.96207pt on input line 76.
 [3] [4]
LaTeX Font Info:    Font shape `TU/Angsana(0)/m/n' will be
(Font)              scaled to size 10.40002pt on input line 78.
LaTeX Font Info:    Font shape `TU/Angsana(0)/m/n' will be
(Font)              scaled to size 7.80002pt on input line 78.
LaTeX Font Info:    Trying to load font information for U+lasy on input line 78
.

(C:\Users\bmais\AppData\Local\Programs\MiKTeX\tex/latex/base\ulasy.fd
File: ulasy.fd 1998/08/17 v2.2e LaTeX symbol font definitions
)
LaTeX Font Info:    Trying to load font information for U+msa on input line 78.


(C:\Users\bmais\AppData\Local\Programs\MiKTeX\tex/latex/amsfonts\umsa.fd
File: umsa.fd 2013/01/14 v3.01 AMS symbols A
)
LaTeX Font Info:    Trying to load font information for U+msb on input line 78.


(C:\Users\bmais\AppData\Local\Programs\MiKTeX\tex/latex/amsfonts\umsb.fd
File: umsb.fd 2013/01/14 v3.01 AMS symbols B
)
[5] [6

] [7]
*geometry* verbose mode - [ newgeometry ] result:
* driver: pdftex
* paper: <default>
* layout: <same size as paper>
* layoutoffset:(h,v)=(0.0pt,0.0pt)
* modes: includefoot 
* h-part:(L,W,R)=(108.405pt, 416.83289pt, 72.26999pt)
* v-part:(T,H,B)=(72.26999pt, 700.50687pt, 72.26999pt)
* \paperwidth=597.50787pt
* \paperheight=845.04684pt
* \textwidth=416.83289pt
* \textheight=670.50687pt
* \oddsidemargin=36.13501pt
* \evensidemargin=36.13501pt
* \topmargin=-31.8738pt
* \headheight=12.0pt
* \headsep=19.8738pt
* \topskip=12.0pt
* \footskip=30.0pt
* \marginparwidth=38.0pt
* \marginparsep=7.0pt
* \columnsep=10.0pt
* \skip\footins=10.8pt plus 4.0pt minus 2.0pt
* \hoffset=0.0pt
* \voffset=0.0pt
* \mag=1000
* \@twocolumnfalse
* \@twosidefalse
* \@mparswitchfalse
* \@reversemarginfalse
* (1in=72.27pt=25.4mm, 1cm=28.453pt)

 [1

] [2]
\c@tocitem=\count293
 (full-report.toc [3])
\tf@toc=\write4
\openout4 = `full-report.toc'.

 [4]
\c@lotitem=\count294
 (full-report.lot)
\tf@lot=\write5
\openout5 = `full-report.lot'.

 [5


]
\c@lofitem=\count295

(full-report.lof [6


])
\tf@lof=\write6
\openout6 = `full-report.lof'.

 [7]
\openout2 = `chapter1.aux'.

 (chapter1.tex
บทที่ 1.
[1






]
File: images/homepro-logo.png Graphic file (type bmp)
<images/homepro-logo.png>


Package Fancyhdr Warning: \headheight is too small (12.0pt): 
Make it at least 14.49998pt.
We now make it that large for the rest of the document.
This may cause the page layout to be inconsistent, however.

[2]
File: images/homepro-structure.jpg Graphic file (type bmp)
<images/homepro-structure.jpg>
 [3] [4]) [5]
\openout2 = `chapter2.aux'.

 (chapter2.tex
บทที่ 2.
[6



] [7]
File: images/scrum-framework.png Graphic file (type bmp)
<images/scrum-framework.png>
 [8] [9]
File: images/vip-pattern.png Graphic file (type bmp)
<images/vip-pattern.png>
 [10] [11]
File: images/cd.png Graphic file (type bmp)
<images/cd.png>
 [12]
File: images/android-studio.png Graphic file (type bmp)
<images/android-studio.png>
File: images/kotlin-logo.png Graphic file (type bmp)
<images/kotlin-logo.png>
 [13]
File: images/xcode.png Graphic file (type bmp)
<images/xcode.png>
File: images/swift-logo.jpg Graphic file (type bmp)
<images/swift-logo.jpg>
 [14]
File: images/intellij-idea.png Graphic file (type bmp)
<images/intellij-idea.png>
File: images/visual-studio-code.png Graphic file (type bmp)
<images/visual-studio-code.png>
 [15] [16]
File: images/python-logo.png Graphic file (type bmp)
<images/python-logo.png>
File: images/django-logo.png Graphic file (type bmp)
<images/django-logo.png>
File: images/vue-logo.png Graphic file (type bmp)
<images/vue-logo.png>
 [17]
File: images/git-logo.png Graphic file (type bmp)
<images/git-logo.png>
File: images/chat.png Graphic file (type bmp)
<images/chat.png>
 [18]
File: images/jira.png Graphic file (type bmp)
<images/jira.png>
File: images/jenkins-logo.png Graphic file (type bmp)
<images/jenkins-logo.png>
 [19] [20])
[21]
\openout2 = `chapter3.aux'.

 (chapter3.tex
บทที่ 3.
File: images/super-app-mini-app.png Graphic file (type bmp)
<images/super-app-mini-app.png>
File: images/app-structure.png Graphic file (type bmp)
<images/app-structure.png>
[22



] [23] [24] [25] [26] [27

] [28] [29] [30]
File: images/bond-information-add.png Graphic file (type bmp)
<images/bond-information-add.png>
 [31]
File: images/bond-information-update.png Graphic file (type bmp)
<images/bond-information-update.png>
 [32]
File: images/bond-information-delete.png Graphic file (type bmp)
<images/bond-information-delete.png>
 [33]
File: images/bond-information-get.png Graphic file (type bmp)
<images/bond-information-get.png>
 [34]
File: images/booking-create-order.png Graphic file (type bmp)
<images/booking-create-order.png>
File: images/booking-confirm-order.png Graphic file (type bmp)
<images/booking-confirm-order.png>
 [35]
File: images/scrum-active-sprint-board.png Graphic file (type bmp)
<images/scrum-active-sprint-board.png>
 [36]
[37]
File: images/acceptance-criteria.png Graphic file (type bmp)
<images/acceptance-criteria.png>
 [38] [39]) [40]
\openout2 = `chapter4.aux'.

 (chapter4.tex
บทที่ 4.
File: images/web-oper-1.png Graphic file (type bmp)
<images/web-oper-1.png>
File: images/web-oper-2.png Graphic file (type bmp)
<images/web-oper-2.png>
[41



]
File: images/web-oper-3.png Graphic file (type bmp)
<images/web-oper-3.png>
File: images/web-oper-4.png Graphic file (type bmp)
<images/web-oper-4.png>
 [42]
File: images/cimb-home-1.png Graphic file (type bmp)
<images/cimb-home-1.png>
LaTeX Font Info:    Font shape `TU/Angsana(0)/m/n' will be
(Font)              scaled to size 13.00003pt on input line 46.
File: images/cimb-home-2.png Graphic file (type bmp)
<images/cimb-home-2.png>
 [43]
File: images/cimb-bond-tac.png Graphic file (type bmp)
<images/cimb-bond-tac.png>
 [44]
File: images/cimb-bond-list.png Graphic file (type bmp)
<images/cimb-bond-list.png>
File: images/cimb-bond-history.png Graphic file (type bmp)
<images/cimb-bond-history.png>
File: images/cimb-bond-detail-1.png Graphic file (type bmp)
<images/cimb-bond-detail-1.png>
File: images/cimb-bond-detail-2.png Graphic file (type bmp)
<images/cimb-bond-detail-2.png>
File: images/cimb-bond-detail-3.png Graphic file (type bmp)
<images/cimb-bond-detail-3.png>
File: images/cimb-bond-detail-4.png Graphic file (type bmp)
<images/cimb-bond-detail-4.png>
File: images/cimb-bond-detail-5.png Graphic file (type bmp)
<images/cimb-bond-detail-5.png>
 [45]
File: images/cimb-bond-csa-1.png Graphic file (type bmp)
<images/cimb-bond-csa-1.png>
File: images/cimb-bond-csa-2.png Graphic file (type bmp)
<images/cimb-bond-csa-2.png>
File: images/cimb-bond-csa-3.png Graphic file (type bmp)
<images/cimb-bond-csa-3.png>
File: images/cimb-bond-csa-4.png Graphic file (type bmp)
<images/cimb-bond-csa-4.png>
File: images/cimb-bond-csa-5.png Graphic file (type bmp)
<images/cimb-bond-csa-5.png>
 [46]
File: images/cimb-bond-csa-6.png Graphic file (type bmp)
<images/cimb-bond-csa-6.png>
File: images/cimb-bond-csa-7.png Graphic file (type bmp)
<images/cimb-bond-csa-7.png>
File: images/cimb-bond-csa-8.png Graphic file (type bmp)
<images/cimb-bond-csa-8.png>
File: images/cimb-bond-csa-9.png Graphic file (type bmp)
<images/cimb-bond-csa-9.png>
File: images/cimb-bond-csa-10.png Graphic file (type bmp)
<images/cimb-bond-csa-10.png>
 [47]
File: images/cimb-bond-csa-11.png Graphic file (type bmp)
<images/cimb-bond-csa-11.png>
File: images/cimb-bond-csa-12.png Graphic file (type bmp)
<images/cimb-bond-csa-12.png>
File: images/cimb-bond-csa-13.png Graphic file (type bmp)
<images/cimb-bond-csa-13.png>
File: images/cimb-bond-csa-14.png Graphic file (type bmp)
<images/cimb-bond-csa-14.png>
File: images/cimb-bond-csa-15.png Graphic file (type bmp)
<images/cimb-bond-csa-15.png>
 [48]
File: images/cimb-bond-csa-16.png Graphic file (type bmp)
<images/cimb-bond-csa-16.png>
File: images/cimb-bond-csa-17.png Graphic file (type bmp)
<images/cimb-bond-csa-17.png>
File: images/cimb-bond-csa-18.png Graphic file (type bmp)
<images/cimb-bond-csa-18.png>
File: images/cimb-bond-csa-19.png Graphic file (type bmp)
<images/cimb-bond-csa-19.png>
File: images/cimb-bond-csa-20.png Graphic file (type bmp)
<images/cimb-bond-csa-20.png>
 [49]
File: images/cimb-bond-factsheet.png Graphic file (type bmp)
<images/cimb-bond-factsheet.png>
 [50]
File: images/cimb-bond-risk-1.png Graphic file (type bmp)
<images/cimb-bond-risk-1.png>
File: images/cimb-bond-risk-2.png Graphic file (type bmp)
<images/cimb-bond-risk-2.png>
File: images/cimb-bond-payment-1.png Graphic file (type bmp)
<images/cimb-bond-payment-1.png>
File: images/cimb-bond-payment-2.png Graphic file (type bmp)
<images/cimb-bond-payment-2.png>
File: images/cimb-bond-payment-3.png Graphic file (type bmp)
<images/cimb-bond-payment-3.png>
 [51]
File: images/cimb-bond-benefit-1.png Graphic file (type bmp)
<images/cimb-bond-benefit-1.png>
File: images/cimb-bond-benefit-2.png Graphic file (type bmp)
<images/cimb-bond-benefit-2.png>
File: images/cimb-bond-benefit-3.png Graphic file (type bmp)
<images/cimb-bond-benefit-3.png>
 [52]
File: images/cimb-bond-benefit-1.png Graphic file (type bmp)
<images/cimb-bond-benefit-1.png>
File: images/cimb-bond-benefit-2.png Graphic file (type bmp)
<images/cimb-bond-benefit-2.png>
File: images/cimb-bond-benefit-3.png Graphic file (type bmp)
<images/cimb-bond-benefit-3.png>
 [53]
File: images/cimb-bond-receive-1.png Graphic file (type bmp)
<images/cimb-bond-receive-1.png>
File: images/cimb-bond-receive-2.png Graphic file (type bmp)
<images/cimb-bond-receive-2.png>
File: images/cimb-bond-receive-3.png Graphic file (type bmp)
<images/cimb-bond-receive-3.png>
File: images/cimb-bond-receive-4.png Graphic file (type bmp)
<images/cimb-bond-receive-4.png>
File: images/cimb-bond-receive-5.png Graphic file (type bmp)
<images/cimb-bond-receive-5.png>
 [54]
File: images/cimb-bond-receive-6.png Graphic file (type bmp)
<images/cimb-bond-receive-6.png>
File: images/cimb-bond-receive-7.png Graphic file (type bmp)
<images/cimb-bond-receive-7.png>
File: images/cimb-bond-receive-8.png Graphic file (type bmp)
<images/cimb-bond-receive-8.png>
File: images/cimb-bond-receive-9.png Graphic file (type bmp)
<images/cimb-bond-receive-9.png>
File: images/cimb-bond-receive-10.png Graphic file (type bmp)
<images/cimb-bond-receive-10.png>
 [55]
File: images/cimb-bond-receive-17.png Graphic file (type bmp)
<images/cimb-bond-receive-17.png>
File: images/cimb-bond-receive-11.png Graphic file (type bmp)
<images/cimb-bond-receive-11.png>
File: images/cimb-bond-receive-12.png Graphic file (type bmp)
<images/cimb-bond-receive-12.png>
File: images/cimb-bond-receive-13.png Graphic file (type bmp)
<images/cimb-bond-receive-13.png>
File: images/cimb-bond-receive-14.png Graphic file (type bmp)
<images/cimb-bond-receive-14.png>

[56]
File: images/cimb-bond-receive-15.png Graphic file (type bmp)
<images/cimb-bond-receive-15.png>
File: images/cimb-bond-receive-16.png Graphic file (type bmp)
<images/cimb-bond-receive-16.png>
 [57]
File: images/cimb-bond-review-2.png Graphic file (type bmp)
<images/cimb-bond-review-2.png>
File: images/cimb-bond-review-3.png Graphic file (type bmp)
<images/cimb-bond-review-3.png>
File: images/cimb-bond-review-4.png Graphic file (type bmp)
<images/cimb-bond-review-4.png>
 [58]
File: images/cimb-bond-passcode.png Graphic file (type bmp)
<images/cimb-bond-passcode.png>
 [59]
File: images/cimb-bond-slip-1.png Graphic file (type bmp)
<images/cimb-bond-slip-1.png>
File: images/cimb-bond-slip-2.png Graphic file (type bmp)
<images/cimb-bond-slip-2.png>
File: images/cimb-bond-slip-3.png Graphic file (type bmp)
<images/cimb-bond-slip-3.png>
) [60] [61]
\openout2 = `chapter5.aux'.

 (chapter5.tex
บทที่ 5.
[62



] [63]) [64] (full-report.bbl
Underfull \hbox (badness 6625) in paragraph at lines 63--68
| \TU/Angsana(0)/m/n/12 https:// medium.com/ @narissara.tan/ การนำ-automated-te
sting-มา รวม เข้า กับ-
 []


Underfull \hbox (badness 2027) in paragraph at lines 79--85
| \TU/Angsana(0)/m/n/12 https:// www.macthai.com/ 2014/06/07/ intruduction-to-s
wift-programming-language-
 []

) [65



]
\openout2 = `appendix.aux'.

 (appendix.tex [66


]
 ก.
[67

]
Overfull \vbox (7.29305pt too high) has occurred while \output is active []


[68]

LaTeX Warning: Reference `timeSheetSep' on page 69 undefined on input line 152.


[69] [70

]
 ข.
[71

] [72

]
 ค.
) [73

] (full-report.aux (chapter1.aux) (chapter2.aux) (chapter3.aux)
(chapter4.aux) (chapter5.aux) (appendix.aux))

LaTeX Warning: There were undefined references.


LaTeX Warning: There were multiply-defined labels.

 ) 
Here is how much of TeX's memory you used:
 12859 strings out of 414071
 248296 string characters out of 2894591
 563999 words of memory out of 3000000
 30296 multiletter control sequences out of 15000+200000
 537485 words of font info for 68 fonts, out of 3000000 for 9000
 1348 hyphenation exceptions out of 8191
 52i,11n,74p,775b,443s stack positions out of 5000i,500n,10000p,200000b,50000s

Output written on full-report.pdf (87 pages).
